API Test Console Output
==================================================
Environment: dev
Selected APIs: ['Get Task Assignee Summary']
Test Type: smoke
Start Time: 2025-09-22 16:11:52
==================================================

STDOUT:
====================================================================================================
Api Config Executor :: API Configuration Executor for handling token and case APIs
====================================================================================================
Run Token And Case API :: Execute configured APIs from the config file with optional API... Selected APIs from environment: Get Task Assignee Summary
? Selected API: "Get Task Assignee Summary"
? Auto-added OAuth Token API for authentication
Total APIs to execute: 2
Executing API: Get OAuth Token
Token received: eyJhbGciOiJSUzI1NiIsInR5cCI6IkpXVCIsImtpZCI6IlU1SWNUOEQ4LTNWdl80NDFIdnlzbyJ9.eyJodHRwczovL3FhLmFwaS56aW5uaWEuaW8vY2xpZW50SWRzIjpbImV2ZXJseSIsImVsaWMiLCJzYnVsIl0sImh0dHBzOi8vcWEuYXBpLnppbm5pYS5pby9wZXJtaXNzaW9ucyI6WyJyZWFkOnBvbGljeSIsIndyaXRlOnBvbGljeSIsIndyaXRlOmNhc2UiLCJyZWFkOmNhc2UiLCJyZWFkOmRvY3VtZW50Iiwid3JpdGU6ZG9jdW1lbnQiLCJ3cml0ZTp0YXNrIiwicmVhZDp0YXNrIl0sInBhcnR5SWQiOiJjNmE3YWI5ZjdkZDg0MDE1YTY1NTJiZmM1YjM2NmI3NyIsInNvdXJjZSI6IkJ1c2luZXNzIFByb2Nlc3MgTWFuYWdlbWVudCIsImlzcyI6Imh0dHBzOi8vbG9naW4ucWEuemlubmlhLmNvbS8iLCJzdWIiOiJVdU1yaWJyUDNlOHpWaGZIeTZ3UEoyNWxWWWgxQ1dOM0BjbGllbnRzIiwiYXVkIjoiaHR0cHM6Ly9xYS5hcGkuemlubmlhLmlvIiwiaWF0IjoxNzU4NTM3NzExLCJleHAiOjE3NTg2MjQxMTEsInNjb3BlIjoib3BlbmlkIiwiZ3R5IjoiY2xpZW50LWNyZWRlbnRpYWxzIiwiYXpwIjoiVXVNcmliclAzZTh6VmhmSHk2d1BKMjVsVlloMUNXTjMifQ.b7XGpA_CdAXl7PtgQUWH475Ta3-snz_iRokdmh_kelC84TY5gXCoVWkt3jzmeL4-xYrcYndQbhY2b4Ir12QLEFgN3bq7IIiMmtMBVNkS5z5ZlrJ7XS2RBBcsCvEIHxUObxvtDbisJ0Su1xhxOoxnHZBzGfP2ZJYeMhdwVu76Ecv4w-gy2_2G3B_Er8Z1tXFJCxTpNHgbR5bCv95hVGVbLv-5ngujEs34y_j-r6ruLw1u-ff4t0cY1y-Idq_5MPHatJmVopE-JcNyEAprOqhDIB7m90P6llVczNOVjzF1wPETYX8rh_v-9_ggonOZUTRtfba8SuLZlWFs-I6RNvAIbg
Executing API: Get Task Assignee Summary
Using session: api_session_case for base URL: https://qa.api.zinnia.io

API: /case/v1/cases/CA0000425395/tasks/assignee-summary
Session: api_session_case
Status: 200
Response: {"caseId":"CA0000425395","tasks":[{"taskId":"TA000000030389","uniqueAssigneePartyIds":["5109870f56204f59aefcab83a046a00e"]},{"taskId":"TA000000030416","uniqueAssigneePartyIds":["5109870f56204f59aefcab83a046a00e"]},{"taskId":"TA000000030417","uniqueAssigneePartyIds":["fa49a69c3939412d87b315cb39459497","16c400819fa14b26a6fd89aab0684e48","03c6e78745c84aa892e4dbd85d45c1b9","11d3a19a40e94f1c94aced244e914b05"]}]}
| PASS |
----------------------------------------------------------------------------------------------------
Api Config Executor :: API Configuration Executor for handling token and case APIs          | PASS |
1 test, 1 passed, 0 failed
====================================================================================================
Output:  C:\Users\sharmash\automation-framwork\results\run_20250922_161148\output.xml
Log:     C:\Users\sharmash\automation-framwork\results\run_20250922_161148\results\run_20250922_161148\detailed_log.html
Report:  C:\Users\sharmash\automation-framwork\results\run_20250922_161148\results\run_20250922_161148\detailed_report.html

STDERR:
[ ERROR ] Taking listener 'allure_console_listener.AllureConsoleListener:results/run_20250922_161148\allure-results' into use failed: Importing listener 'allure_console_listener.AllureConsoleListener' failed: ModuleNotFoundError: No module named 'allure_console_listener'
Traceback (most recent call last):
  None
PYTHONPATH:
  C:\Program Files\Python312\Scripts\robot.exe
  c:\Users\sharmash\Downloads\QAS-ZinniaLive-AutomationTesting (1)\QAS-ZinniaLive-AutomationTesting
  C:\Users\sharmash\automation-framwork\%PYTHONPATH%
  C:\Program Files\Python312\python312.zip
  C:\Program Files\Python312\DLLs
  C:\Program Files\Python312\Lib
  C:\Program Files\Python312
  C:\Users\sharmash\AppData\Roaming\Python\Python312\site-packages
  C:\Users\sharmash\AppData\Roaming\Python\Python312\site-packages\win32
  C:\Users\sharmash\AppData\Roaming\Python\Python312\site-packages\win32\lib
  C:\Users\sharmash\AppData\Roaming\Python\Python312\site-packages\Pythonwin
  C:\Program Files\Python312\Lib\site-packages
[ ERROR ] Taking listener 'DebugLibrary' into use failed: Importing listener 'DebugLibrary' failed: ModuleNotFoundError: No module named 'DebugLibrary'
Traceback (most recent call last):
  None
PYTHONPATH:
  C:\Program Files\Python312\Scripts\robot.exe
  c:\Users\sharmash\Downloads\QAS-ZinniaLive-AutomationTesting (1)\QAS-ZinniaLive-AutomationTesting
  C:\Users\sharmash\automation-framwork\%PYTHONPATH%
  C:\Program Files\Python312\python312.zip
  C:\Program Files\Python312\DLLs
  C:\Program Files\Python312\Lib
  C:\Program Files\Python312
  C:\Users\sharmash\AppData\Roaming\Python\Python312\site-packages
  C:\Users\sharmash\AppData\Roaming\Python\Python312\site-packages\win32
  C:\Users\sharmash\AppData\Roaming\Python\Python312\site-packages\win32\lib
  C:\Users\sharmash\AppData\Roaming\Python\Python312\site-packages\Pythonwin
  C:\Program Files\Python312\Lib\site-packages
C:\Users\sharmash\AppData\Roaming\Python\Python312\site-packages\urllib3\connectionpool.py:1103: InsecureRequestWarning: Unverified HTTPS request is being made to host 'login.qa.zinnia.com'. Adding certificate verification is strongly advised. See: https://urllib3.readthedocs.io/en/latest/advanced-usage.html#tls-warnings
  warnings.warn(
C:\Users\sharmash\AppData\Roaming\Python\Python312\site-packages\urllib3\connectionpool.py:1103: InsecureRequestWarning: Unverified HTTPS request is being made to host 'qa.api.zinnia.io'. Adding certificate verification is strongly advised. See: https://urllib3.readthedocs.io/en/latest/advanced-usage.html#tls-warnings
  warnings.warn(

Process Exit Code: 0
