API Test Console Output
==================================================
Environment: dev
Selected APIs: ['Get Case Details', 'Search Cases by Policy Number']
Test Type: smoke
Start Time: 2025-09-22 17:52:58
==================================================

STDOUT:
====================================================================================================
Dynamic Api Tests :: Dynamic API Tests - Auto-generated for selected APIs
====================================================================================================
Test_01_Get_Case_Details :: Execute Get Case Details
=== Executing: Get Case Details ===
Using session: api_session_bpm for base URL: https://qa-bpm.se2.com
API: /case/v1/cases/CA0000370039
Session: api_session_bpm
Status: 200
Response: {"id":"CA0000370039","templateId":"681dfd14-b563-4342-acd2-c8a44d8ed09f","carrier":"MASS","process":"Correspondence","parentInstanceId":null,"linkedCases":null,"correlationId":"a9e90cf1-edf3-483a-880a-500f71437036","caseStatus":"IN_PROGRESS","caseResult":null,"caseResultDetail":null,"primary":true,"escalated":false,"linkDetails":{"linkedCaseInstanceId":null,"linkedReason":"Identified by case management"},"processSubType":"Service Form","caseGroup":null,"policyNumber":"5810002532","planCode":"900","productName":"MassMutual Stable Voyage Plus","caseProcessingDetails":[],"documents":[],"exceptions":[],"notes":[],"tasks":[],"mappedTasks":[],"mappedExceptions":[],"mappedDocuments":[],"mappedNotes":null,"identifiers":[{"identifier":"policyNumber","value":"5810002532"},{"identifier":"transactionId","value":"a9e90cf1-edf3-483a-880a-500f71437036"},{"identifier":"zlCaseId","value":"CA0000370039"},{"identifier":"contractNumber","value":"5810002532"}],"additionalData":{"contractStatus":"Active","requestSubType":"Redemption","policyNumber":"5810002532","owners":[{"firstName":"MENACHEM","middleName":"N","lastName":"GARNETTE","ssn":"337020845","fullName":"MENACHEM N GARNETTE"}],"brokerDealerName":"JP MORGAN SECURITIES LLC","productName":"MassMutual Stable Voyage Plus"},"stages":[{"id":"requestAck","label":"Prepare Process Form Request for processing","stageStatus":"COMPLETED","mappedNotes":[],"steps":[{"id":"requestAck.processFormRequestReceived","label":"Received Process Form Request","stepStatus":"COMPLETED","stepResult":null,"eventRef":["62fb7964-3d3e-44fb-a6f3-7c544d932b37"],"updatedAt":"2024-09-30T13:06:50.000Z","tasks":null,"mappedTasks":null,"mappedExceptions":[],"mappedDocuments":null,"mappedNotes":[],"mappedCases":null,"additionalData":{"mailDetails_city":{"label":"City","value":"CONCORD","type":"string"},"mailDetails_addressLine1":{"label":"Address Line1","value":"24 THOMPSON ST","type":"string"},"deliveryMethod":{"label":"Delivery Method","value":"MAIL","type":"string"},"mailDetails_type":{"label":"Mail Type","value":"owner","type":"string"},"transactionType":{"label":"Transaction Type","value":"Redemption","type":"string"},"transactionSubType":{"label":"Transaction SubType","value":"Full Surrender","type":"string"},"mailDetails_lastName":{"label":"Last Name","value":"GARNETTE","type":"string"},"processName":{"label":"Requested Process Name","value":"Service Request Form","type":"string"},"formName":{"label":"Requested Form name","value":"Annuity Full Surrender Request","type":"string"},"mailDetails_state":{"label":"State","value":"NH","type":"string"},"deliveryDate":{"label":"Delivery Date","value":"2024-09-30T13:06:50.391567","type":"string"},"deliveryStatus":{"label":"Delivery Status","value":"Initiated","type":"string"},"mailDetails_firstName":{"label":"First Name","value":"MENACHEM","type":"string"},"mailDetails_zipCode":{"label":"ZIP Code","value":"03301","type":"string"}},"stepAdditionalData":[],"multiInstance":false,"instanceInfo":null,"createdAt":"2024-09-30T13:06:50.000Z"},{"id":"requestAck.processFormRequestProcessing","label":"Processing Form Request","stepStatus":"COMPLETED","stepResult":null,"eventRef":["62fb7964-3d3e-44fb-a6f3-7c544d932b37","d63996f1-4098-41d8-a260-347bbf252107"],"updatedAt":"2024-09-30T13:06:56.000Z","tasks":null,"mappedTasks":null,"mappedExceptions":[],"mappedDocuments":null,"mappedNotes":[],"mappedCases":null,"additionalData":{},"stepAdditionalData":[],"multiInstance":false,"instanceInfo":null,"createdAt":"2024-09-30T13:06:50.000Z"}],"tasks":null,"mappedTasks":null,"createdAt":"2024-09-30T13:06:50.000Z","updatedAt":"2024-09-30T13:06:56.000Z"},{"id":"requestCompletion","label":"Deliver Process Form","stageStatus":"IN_PROGRESS","mappedNotes":[],"steps":[{"id":"RequestCompletion.completeRequest","label":"Create & Send Requested Form","stepStatus":"IN_PROGRESS","stepResult":null,"eventRef":["d63996f1-4098-41d8-a260-347bbf252107"],"updatedAt":"2024-09-30T13:06:56.000Z","tasks":null,"mappedTasks":null,"mappedExceptions":[],"mappedDocuments":null,"mappedNotes":[],"mappedCases":null,"additionalData":{},"stepAdditionalData":[],"multiInstance":false,"instanceInfo":null,"createdAt":"2024-09-30T13:06:56.000Z"},{"id":"RequestCompletion.deliverLetter","label":"Deliver Requested Form","stepStatus":"NOT_STARTED","stepResult":null,"eventRef":[],"updatedAt":"2024-09-30T13:06:50.000Z","tasks":null,"mappedTasks":null,"mappedExceptions":[],"mappedDocuments":null,"mappedNotes":[],"mappedCases":null,"additionalData":{},"stepAdditionalData":[],"multiInstance":false,"instanceInfo":null,"createdAt":"2024-09-30T13:06:50.000Z"}],"tasks":null,"mappedTasks":null,"createdAt":"2024-09-30T13:06:56.000Z","updatedAt":"2024-09-30T13:06:56.000Z"}],"parties":[{"partyRole":"Servicing Agent","partyType":"Individual","firstName":"LAURA","lastName":"HANSON VIRGINIA","fullName":"LAURA  HANSON VIRGINIA","gender":"M","ssn":"047447214","percent":"100","externalId":"JPM0307670"},{"partyRole":"Owner,Primary","partyType":"Individual","firstName":"MENACHEM","middleName":"N","lastName":"GARNETTE","fullName":"MENACHEM N GARNETTE","prefix":"Ms.","gender":"F","ssn":"337020845","percent":"100"},{"partyRole":"Agent,Agent of Record","partyType":"Individual","firstName":"LAURA","lastName":"HANSON VIRGINIA","fullName":"LAURA  HANSON VIRGINIA","gender":"M","ssn":"047447214","percent":"100","externalId":"JPM0307670"}],"createdAt":"2024-09-30T13:06:50.000Z","updatedAt":"2024-09-30T13:06:56.000Z","systemCreatedDate":null,"systemCreatedDt":null,"systemUpdatedDt":1744623301491,"slaStartDate":null,"etcDate":null,"applicationType":"Digital","caseAdditionalData":[],"deleted":false}
=== Completed: Get Case Details ===
| PASS |
----------------------------------------------------------------------------------------------------
Test_02_Search_Cases_by_Policy_Number :: Execute Search Cases by Policy Number
=== Executing: Search Cases by Policy Number ===
Using session: api_session_bpm for base URL: https://qa-bpm.se2.com
API: /case/v1/cases/search
Session: api_session_bpm
Status: 200
Response: {"message":"Successfully retrieved data!","data":[{"id":"CA0000358626","templateId":"6203bb7a-0517-4394-88fb-404dffc7d296","carrier":"MASS","process":"New Business","parentInstanceId":null,"correlationId":"7815fb00-fea3-41b7-a346-ea98546de115","caseStatus":"EXCEPTION","processSubType":"Nb Purchase W App","caseGroup":null,"policyNumber":"571025434","productName":null,"primary":true,"deleted":false,"stages":[{"id":"requestAck","label":"Request Acknowledgement","stageStatus":"COMPLETED"},{"id":"agentValidation","label":"Agent Validation","stageStatus":"IN_PROGRESS"},{"id":"policyValidation","label":"Policy Validation","stageStatus":"EXCEPTION"},{"id":"suitabilityReview","label":"Suitability Review","stageStatus":"COMPLETED"},{"id":"premiumProcessing","label":"Premium Processing","stageStatus":"IN_PROGRESS"},{"id":"requestCompletion","label":"Request Completion","stageStatus":"IN_PROGRESS"}],"additionalData":{"policyNumber":"571025434","businessKey":"20240701-M-164533","requestSubType":"NB PURCHASE W APP"},"identifiers":[{"identifier":"txliferequestid","value":"385839"},{"identifier":"transrefguid","value":"0450S660314000450S66"},{"identifier":"documentNumber","value":"20240701-M-164533"},{"identifier":"contractnumber","value":"571025434"},{"identifier":"caseID","value":"9922745"},{"identifier":"businessKey","value":"20240701-M-164533"},{"identifier":"contractNumber","value":"571025434"}],"createdAt":"2024-07-01T10:36:39.000Z","updatedAt":"2024-08-31T05:02:36.000Z","parties":[],"exceptions":[],"applicationType":"Electronic","caseResult":null,"caseResultDetail":null}],"count":1,"offset":0,"limit":10,"total":1,"status":200}
=== Completed: Search Cases by Policy Number ===
| PASS |
----------------------------------------------------------------------------------------------------
Dynamic Api Tests :: Dynamic API Tests - Auto-generated for selected APIs                   | PASS |
2 tests, 2 passed, 0 failed
====================================================================================================
Output:  C:\Users\sharmash\automation-framwork\results\run_20250922_175253\output.xml
Log:     C:\Users\sharmash\automation-framwork\results\run_20250922_175253\results\run_20250922_175253\detailed_log.html
Report:  C:\Users\sharmash\automation-framwork\results\run_20250922_175253\results\run_20250922_175253\detailed_report.html

STDERR:
[ ERROR ] Taking listener 'allure_console_listener.AllureConsoleListener:results/run_20250922_175253\allure-results' into use failed: Importing listener 'allure_console_listener.AllureConsoleListener' failed: ModuleNotFoundError: No module named 'allure_console_listener'
Traceback (most recent call last):
  None
PYTHONPATH:
  C:\Program Files\Python312\Scripts\robot.exe
  c:\Users\sharmash\Downloads\QAS-ZinniaLive-AutomationTesting (1)\QAS-ZinniaLive-AutomationTesting
  C:\Users\sharmash\automation-framwork\%PYTHONPATH%
  C:\Program Files\Python312\python312.zip
  C:\Program Files\Python312\DLLs
  C:\Program Files\Python312\Lib
  C:\Program Files\Python312
  C:\Users\sharmash\AppData\Roaming\Python\Python312\site-packages
  C:\Users\sharmash\AppData\Roaming\Python\Python312\site-packages\win32
  C:\Users\sharmash\AppData\Roaming\Python\Python312\site-packages\win32\lib
  C:\Users\sharmash\AppData\Roaming\Python\Python312\site-packages\Pythonwin
  C:\Program Files\Python312\Lib\site-packages
[ ERROR ] Taking listener 'DebugLibrary' into use failed: Importing listener 'DebugLibrary' failed: ModuleNotFoundError: No module named 'DebugLibrary'
Traceback (most recent call last):
  None
PYTHONPATH:
  C:\Program Files\Python312\Scripts\robot.exe
  c:\Users\sharmash\Downloads\QAS-ZinniaLive-AutomationTesting (1)\QAS-ZinniaLive-AutomationTesting
  C:\Users\sharmash\automation-framwork\%PYTHONPATH%
  C:\Program Files\Python312\python312.zip
  C:\Program Files\Python312\DLLs
  C:\Program Files\Python312\Lib
  C:\Program Files\Python312
  C:\Users\sharmash\AppData\Roaming\Python\Python312\site-packages
  C:\Users\sharmash\AppData\Roaming\Python\Python312\site-packages\win32
  C:\Users\sharmash\AppData\Roaming\Python\Python312\site-packages\win32\lib
  C:\Users\sharmash\AppData\Roaming\Python\Python312\site-packages\Pythonwin
  C:\Program Files\Python312\Lib\site-packages
C:\Users\sharmash\AppData\Roaming\Python\Python312\site-packages\urllib3\connectionpool.py:1103: InsecureRequestWarning: Unverified HTTPS request is being made to host 'login.qa.zinnia.com'. Adding certificate verification is strongly advised. See: https://urllib3.readthedocs.io/en/latest/advanced-usage.html#tls-warnings
  warnings.warn(
C:\Users\sharmash\AppData\Roaming\Python\Python312\site-packages\urllib3\connectionpool.py:1103: InsecureRequestWarning: Unverified HTTPS request is being made to host 'qa-bpm.se2.com'. Adding certificate verification is strongly advised. See: https://urllib3.readthedocs.io/en/latest/advanced-usage.html#tls-warnings
  warnings.warn(
C:\Users\sharmash\AppData\Roaming\Python\Python312\site-packages\urllib3\connectionpool.py:1103: InsecureRequestWarning: Unverified HTTPS request is being made to host 'qa-bpm.se2.com'. Adding certificate verification is strongly advised. See: https://urllib3.readthedocs.io/en/latest/advanced-usage.html#tls-warnings
  warnings.warn(

Process Exit Code: 0
