API Test Console Output
==================================================
Environment: QA
Selected APIs: ['Post Task Message', 'Get Case Tasks Assignee Summary']
Test Type: smoke
Start Time: 2025-09-23 16:55:37
==================================================

STDOUT:
====================================================================================================
Dynamic Api Tests :: Dynamic API Tests - Auto-generated for selected APIs
====================================================================================================
Test_01_Post_Task_Message :: Execute Post Task Message
=== Executing: Post Task Message ===
Using session: api_session_bpm for base URL: https://qa.api.zinnia.io
| FAIL |
HTTPError: 400 Client Error: Bad Request for url: https://qa.api.zinnia.io/case/v1/tasks/message
----------------------------------------------------------------------------------------------------
Test_02_Get_Case_Tasks_Assignee_Summary :: Execute Get Case Tasks Assignee Summary
=== Executing: Get Case Tasks Assignee Summary ===
Using session: api_session_bpm for base URL: https://qa.api.zinnia.io
API: /case/v1/cases/CA0000425395/tasks/assignee-summary
Session: api_session_case
Status: 200
Response: {"caseId":"CA0000425395","tasks":[{"taskId":"TA000000030389","uniqueAssigneePartyIds":["5109870f56204f59aefcab83a046a00e"]},{"taskId":"TA000000030416","uniqueAssigneePartyIds":["5109870f56204f59aefcab83a046a00e"]},{"taskId":"TA000000030417","uniqueAssigneePartyIds":["fa49a69c3939412d87b315cb39459497","16c400819fa14b26a6fd89aab0684e48","03c6e78745c84aa892e4dbd85d45c1b9","11d3a19a40e94f1c94aced244e914b05"]}]}
=== Completed: Get Case Tasks Assignee Summary ===
| PASS |
----------------------------------------------------------------------------------------------------
Dynamic Api Tests :: Dynamic API Tests - Auto-generated for selected APIs                   | FAIL |
2 tests, 1 passed, 1 failed
====================================================================================================
Output:  C:\Users\sharmash\automation-framwork\results\run_20250923_165532\output.xml
Log:     C:\Users\sharmash\automation-framwork\results\run_20250923_165532\results\run_20250923_165532\detailed_log.html
Report:  C:\Users\sharmash\automation-framwork\results\run_20250923_165532\results\run_20250923_165532\detailed_report.html

STDERR:
C:\Users\sharmash\AppData\Roaming\Python\Python312\site-packages\urllib3\connectionpool.py:1103: InsecureRequestWarning: Unverified HTTPS request is being made to host 'login.qa.zinnia.com'. Adding certificate verification is strongly advised. See: https://urllib3.readthedocs.io/en/latest/advanced-usage.html#tls-warnings
  warnings.warn(
C:\Users\sharmash\AppData\Roaming\Python\Python312\site-packages\urllib3\connectionpool.py:1103: InsecureRequestWarning: Unverified HTTPS request is being made to host 'qa.api.zinnia.io'. Adding certificate verification is strongly advised. See: https://urllib3.readthedocs.io/en/latest/advanced-usage.html#tls-warnings
  warnings.warn(
C:\Users\sharmash\AppData\Roaming\Python\Python312\site-packages\urllib3\connectionpool.py:1103: InsecureRequestWarning: Unverified HTTPS request is being made to host 'qa.api.zinnia.io'. Adding certificate verification is strongly advised. See: https://urllib3.readthedocs.io/en/latest/advanced-usage.html#tls-warnings
  warnings.warn(

Process Exit Code: 1
